0 info it worked if it ends with ok
1 verbose cli [ 'C:\\Program Files\\nodejs\\node.exe',
1 verbose cli   'C:\\Users\\sboulade\\AppData\\Roaming\\npm\\node_modules\\npm\\bin\\npm-cli.js',
1 verbose cli   'run',
1 verbose cli   'dev' ]
2 info using npm@3.10.5
3 info using node@v6.9.1
4 verbose run-script [ 'predev', 'dev', 'postdev' ]
5 info lifecycle mine-sweeper@1.0.0~predev: mine-sweeper@1.0.0
6 silly lifecycle mine-sweeper@1.0.0~predev: no script for predev, continuing
7 info lifecycle mine-sweeper@1.0.0~dev: mine-sweeper@1.0.0
8 verbose lifecycle mine-sweeper@1.0.0~dev: unsafe-perm in lifecycle true
9 verbose lifecycle mine-sweeper@1.0.0~dev: PATH: C:\Users\sboulade\AppData\Roaming\npm\node_modules\npm\bin\node-gyp-bin;C:\Dev\mine-sweeper\node_modules\.bin;C:\Program Files\nodejs;C:\Users\sboulade\AppData\Local\GitHub\PortableGit_d7effa1a4a322478cd29c826b52a0c118ad3db11\cmd;C:\Users\sboulade\AppData\Local\GitHub\PortableGit_d7effa1a4a322478cd29c826b52a0c118ad3db11\usr\bin;C:\Users\sboulade\AppData\Local\GitHub\PortableGit_d7effa1a4a322478cd29c826b52a0c118ad3db11\usr\share\git-tfs;C:\Users\sboulade\AppData\Local\Apps\2.0\O09ET52A.B3Z\2QKD8VE6.C6E\gith..tion_317444273a93ac29_0003.0003_665ccbdbd3c2d8d4;C:\Users\sboulade\AppData\Local\GitHub\lfs-amd64_1.3.1;C:\Program Files\Common Files\Microsoft Shared\Windows Live;C:\Program Files (x86)\Common Files\Microsoft Shared\Windows Live;C:\ProgramData\Oracle\Java\javapath;C:\Program Files (x86)\Intel\iCLS Client\;C:\Program Files\Intel\iCLS Client\;C:\Windows\system32;C:\Windows;C:\Windows\System32\Wbem;C:\Windows\System32\WindowsPowerShell\v1.0\;C:\Program Files\Intel\Intel(R) Management Engine Components\DAL;C:\Program Files\Intel\Intel(R) Management Engine Components\IPT;C:\Program Files (x86)\Intel\Intel(R) Management Engine Components\DAL;C:\Program Files (x86)\Intel\Intel(R) Management Engine Components\IPT;C:\Program Files\Intel\WiFi\bin\;C:\Program Files\Common Files\Intel\WirelessCommon\;C:\Program Files (x86)\Windows Live\Shared;C:\Program Files\nodejs\;C:\Users\sboulade\AppData\Roaming\npm;C:\Windows\Microsoft.NET\Framework\v4.0.30319\
10 verbose lifecycle mine-sweeper@1.0.0~dev: CWD: C:\Dev\mine-sweeper
11 silly lifecycle mine-sweeper@1.0.0~dev: Args: [ '/d /s /c', 'webpack-dashboard -- webpack-dev-server' ]
12 silly lifecycle mine-sweeper@1.0.0~dev: Returned: code: 1  signal: null
13 info lifecycle mine-sweeper@1.0.0~dev: Failed to exec dev script
14 verbose stack Error: mine-sweeper@1.0.0 dev: `webpack-dashboard -- webpack-dev-server`
14 verbose stack Exit status 1
14 verbose stack     at EventEmitter.<anonymous> (C:\Users\sboulade\AppData\Roaming\npm\node_modules\npm\lib\utils\lifecycle.js:242:16)
14 verbose stack     at emitTwo (events.js:106:13)
14 verbose stack     at EventEmitter.emit (events.js:191:7)
14 verbose stack     at ChildProcess.<anonymous> (C:\Users\sboulade\AppData\Roaming\npm\node_modules\npm\lib\utils\spawn.js:40:14)
14 verbose stack     at emitTwo (events.js:106:13)
14 verbose stack     at ChildProcess.emit (events.js:191:7)
14 verbose stack     at maybeClose (internal/child_process.js:877:16)
14 verbose stack     at Process.ChildProcess._handle.onexit (internal/child_process.js:226:5)
15 verbose pkgid mine-sweeper@1.0.0
16 verbose cwd C:\Dev\mine-sweeper
17 error Windows_NT 6.1.7601
18 error argv "C:\\Program Files\\nodejs\\node.exe" "C:\\Users\\sboulade\\AppData\\Roaming\\npm\\node_modules\\npm\\bin\\npm-cli.js" "run" "dev"
19 error node v6.9.1
20 error npm  v3.10.5
21 error code ELIFECYCLE
22 error mine-sweeper@1.0.0 dev: `webpack-dashboard -- webpack-dev-server`
22 error Exit status 1
23 error Failed at the mine-sweeper@1.0.0 dev script 'webpack-dashboard -- webpack-dev-server'.
23 error Make sure you have the latest version of node.js and npm installed.
23 error If you do, this is most likely a problem with the mine-sweeper package,
23 error not with npm itself.
23 error Tell the author that this fails on your system:
23 error     webpack-dashboard -- webpack-dev-server
23 error You can get information on how to open an issue for this project with:
23 error     npm bugs mine-sweeper
23 error Or if that isn't available, you can get their info via:
23 error     npm owner ls mine-sweeper
23 error There is likely additional logging output above.
24 verbose exit [ 1, true ]
